<?xml version="1.0" encoding="UTF-8"?>
<testsuite name="ru.bsuedu.cad.lab.service.OrderServiceTest" tests="9" skipped="0" failures="0" errors="0" timestamp="2026-05-06T08:21:11.263Z" hostname="KIRA" time="1.009">
  <properties/>
  <testcase name="updateOrder_success()" classname="ru.bsuedu.cad.lab.service.OrderServiceTest" time="0.941"/>
  <testcase name="updateOrder_notFound_throwsException()" classname="ru.bsuedu.cad.lab.service.OrderServiceTest" time="0.005"/>
  <testcase name="deleteOrder_callsRepository()" classname="ru.bsuedu.cad.lab.service.OrderServiceTest" time="0.025"/>
  <testcase name="getAllOrders_returnsOrders()" classname="ru.bsuedu.cad.lab.service.OrderServiceTest" time="0.005"/>
  <testcase name="createOrder_success()" classname="ru.bsuedu.cad.lab.service.OrderServiceTest" time="0.009"/>
  <testcase name="createOrder_customerNotFound_throwsException()" classname="ru.bsuedu.cad.lab.service.OrderServiceTest" time="0.005"/>
  <testcase name="createOrder_productNotFound_throwsException()" classname="ru.bsuedu.cad.lab.service.OrderServiceTest" time="0.006"/>
  <testcase name="getOrderById_success()" classname="ru.bsuedu.cad.lab.service.OrderServiceTest" time="0.004"/>
  <testcase name="getOrderById_notFound_throwsException()" classname="ru.bsuedu.cad.lab.service.OrderServiceTest" time="0.004"/>
  <system-out><![CDATA[]]></system-out>
  <system-err><![CDATA[]]></system-err>
</testsuite>
